In file included from ../src/bufferutil.cc:15:0:
../../nan/nan.h:120:25: error: redefinition of ‘template<class T> v8::Local<T> _NanEnsureLocal(v8::Local<T>)’
 NAN_INLINE v8::Local<T> _NanEnsureLocal(v8::Local<T> val) {
                         ^
../../nan/nan.h:115:25: error: ‘template<class T> v8::Local<T> _NanEnsureLocal(v8::Handle<T>)’ previously declared here
 NAN_INLINE v8::Local<T> _NanEnsureLocal(v8::Handle<T> val) {
                         ^
../../nan/nan.h: In function ‘v8::Local<v8::Signature> NanNew(v8::Handle<v8::FunctionTemplate>, int, v8::Handle<v8::FunctionTemplate>*)’:
../../nan/nan.h:207:78: error: no matching function for call to ‘v8::Signature::New(v8::Isolate*, v8::Handle<v8::FunctionTemplate>&, int&, v8::Handle<v8::FunctionTemplate>*&)’
     return v8::Signature::New(v8::Isolate::GetCurrent(), receiver, argc, argv);
                                                                              ^
../../nan/nan.h:207:78: note: candidate is:
In file included from ../src/bufferutil.cc:7:0:
/home/nikonovi/.node-gyp/4.3.2/include/node/v8.h:4675:27: note: static v8::Local<v8::Signature> v8::Signature::New(v8::Isolate*, v8::Local<v8::FunctionTemplate>)
   static Local<Signature> New(
                           ^
/home/nikonovi/.node-gyp/4.3.2/include/node/v8.h:4675:27: note:   candidate expects 2 arguments, 4 provided
In file included from ../src/bufferutil.cc:15:0:
../../nan/nan.h: At global scope:
../../nan/nan.h:289:3: error: redefinition of ‘v8::Local<T> NanNew(P) [with T = v8::StringObject; P = v8::Local<v8::String>]’
   NanNew<v8::StringObject, v8::Handle<v8::String> >(
   ^
../../nan/nan.h:282:3: error: ‘v8::Local<T> NanNew(P) [with T = v8::StringObject; P = v8::Local<v8::String>]’ previously declared here
   NanNew<v8::StringObject, v8::Local<v8::String> >(
   ^
../../nan/nan.h:307:36: error: redefinition of ‘template<class T> v8::Local<v8::RegExp> NanNew(v8::Local<v8::String>, v8::RegExp::Flags)’
   NAN_INLINE v8::Local<v8::RegExp> NanNew(
                                    ^
../../nan/nan.h:301:36: error: ‘template<class T> v8::Local<v8::RegExp> NanNew(v8::Handle<v8::String>, v8::RegExp::Flags)’ previously declared here
   NAN_INLINE v8::Local<v8::RegExp> NanNew(
                                    ^
../../nan/nan.h:319:36: error: redefinition of ‘template<class T, class P> v8::Local<v8::RegExp> NanNew(v8::Local<v8::String>, v8::RegExp::Flags)’
   NAN_INLINE v8::Local<v8::RegExp> NanNew(
                                    ^
../../nan/nan.h:313:36: error: ‘template<class T, class P> v8::Local<v8::RegExp> NanNew(v8::Handle<v8::String>, v8::RegExp::Flags)’ previously declared here
   NAN_INLINE v8::Local<v8::RegExp> NanNew(
                                    ^
../../nan/nan.h:778:13: error: ‘node::smalloc’ has not been declared
     , node::smalloc::FreeCallback callback
             ^
../../nan/nan.h:778:35: error: expected ‘,’ or ‘...’ before ‘callback’
     , node::smalloc::FreeCallback callback
                                   ^
../../nan/nan.h: In function ‘v8::Local<v8::Object> NanNewBufferHandle(char*, size_t, int)’:
../../nan/nan.h:782:50: error: ‘callback’ was not declared in this scope
         v8::Isolate::GetCurrent(), data, length, callback, hint);
                                                  ^
../../nan/nan.h:782:60: error: ‘hint’ was not declared in this scope
         v8::Isolate::GetCurrent(), data, length, callback, hint);
                                                            ^
../../nan/nan.h: In function ‘v8::Local<v8::Object> NanNewBufferHandle(const char*, uint32_t)’:
../../nan/nan.h:789:67: error: call of overloaded ‘New(v8::Isolate*, const char*&, uint32_t&)’ is ambiguous
     return node::Buffer::New(v8::Isolate::GetCurrent(), data, size);
                                                                   ^
../../nan/nan.h:789:67: note: candidates are:
In file included from ../src/bufferutil.cc:9:0:
/home/nikonovi/.node-gyp/4.3.2/include/node/node_buffer.h:31:40: note: v8::MaybeLocal<v8::Object> node::Buffer::New(v8::Isolate*, v8::Local<v8::String>, node::encoding) <near match>
 NODE_EXTERN v8::MaybeLocal<v8::Object> New(v8::Isolate* isolate,
                                        ^
/home/nikonovi/.node-gyp/4.3.2/include/node/node_buffer.h:31:40: note:   no known conversion for argument 3 from ‘uint32_t {aka unsigned int}’ to ‘node::encoding’
/home/nikonovi/.node-gyp/4.3.2/include/node/node_buffer.h:43:40: note: v8::MaybeLocal<v8::Object> node::Buffer::New(v8::Isolate*, char*, size_t) <near match>
 NODE_EXTERN v8::MaybeLocal<v8::Object> New(v8::Isolate* isolate,
                                        ^
/home/nikonovi/.node-gyp/4.3.2/include/node/node_buffer.h:43:40: note:   no known conversion for argument 2 from ‘const char*’ to ‘char*’
In file included from ../src/bufferutil.cc:15:0:
../../nan/nan.h: In function ‘v8::Local<v8::Object> NanNewBufferHandle(uint32_t)’:
../../nan/nan.h:793:61: error: could not convert ‘node::Buffer::New(v8::Isolate::GetCurrent(), ((size_t)size))’ from ‘v8::MaybeLocal<v8::Object>’ to ‘v8::Local<v8::Object>’
     return node::Buffer::New(v8::Isolate::GetCurrent(), size);
                                                             ^
../../nan/nan.h: In function ‘v8::Local<v8::Object> NanBufferUse(char*, uint32_t)’:
../../nan/nan.h:800:12: error: ‘Use’ is not a member of ‘node::Buffer’
     return node::Buffer::Use(v8::Isolate::GetCurrent(), data, size);
            ^
../src/bufferutil.cc: In static member function ‘static void BufferUtil::Initialize(v8::Handle<v8::Object>)’:
../src/bufferutil.cc:32:17: warning: ‘v8::Local<v8::String> NanSymbol(const char*, int)’ is deprecated (declared at ../../nan/nan.h:616) [-Wdeprecated-declarations]
     target->Set(NanSymbol("BufferUtil"), t->GetFunction());
                 ^
../src/bufferutil.cc:32:39: warning: ‘v8::Local<v8::String> NanSymbol(const char*, int)’ is deprecated (declared at ../../nan/nan.h:616) [-Wdeprecated-declarations]
     target->Set(NanSymbol("BufferUtil"), t->GetFunction());
                                       ^
make: *** [Release/obj.target/bufferutil/src/bufferutil.o] Error 1
gyp ERR! build error 
gyp ERR! stack Error: `make` failed with exit code: 2
gyp ERR! stack     at ChildProcess.onExit (/home/ad/fshome4/u4/n/nikonovi/Linux/local/lib/node_modules/npm/node_modules/node-gyp/lib/build.js:270:23)
gyp ERR! stack     at emitTwo (events.js:87:13)
gyp ERR! stack     at ChildProcess.emit (events.js:172:7)
gyp ERR! stack     at Process.ChildProcess._handle.onexit (internal/child_process.js:200:12)
gyp ERR! System Linux 3.13.0-83-generic
gyp ERR! command "/home/ad/fshome4/u4/n/nikonovi/Linux/local/bin/node" "/home/ad/fshome4/u4/n/nikonovi/Linux/local/lib/node_modules/npm/node_modules/node-gyp/bin/node-gyp.js" "rebuild"
gyp ERR! cwd /home/ad/fshome4/u4/n/nikonovi/Documents/Gits/JuNaPe--gamenamehere-/spaceifyapplication/api/node_modules/ws
gyp ERR! node -v v4.3.2
gyp ERR! node-gyp -v v3.0.3
gyp ERR! not ok 
